[debug] [2018-02-26T14:08:51.959Z] ----------------------------------------------------------------------
[debug] [2018-02-26T14:08:51.975Z] Command:       C:\Program Files\nodejs\node.exe C:\Users\tbhattacharya\AppData\Roaming\npm\node_modules\firebase-tools\bin\firebase deploy
[debug] [2018-02-26T14:08:51.975Z] CLI Version:   3.17.4
[debug] [2018-02-26T14:08:51.975Z] Platform:      win32
[debug] [2018-02-26T14:08:51.975Z] Node Version:  v6.9.1
[debug] [2018-02-26T14:08:51.975Z] Time:          Mon Feb 26 2018 14:08:51 GMT+0000 (GMT Standard Time)
[debug] [2018-02-26T14:08:51.975Z] ----------------------------------------------------------------------
[debug] 
[debug] [2018-02-26T14:08:51.991Z] > command requires scopes: ["email","openid","https://www.googleapis.com/auth/cloudplatformprojects.readonly","https://www.googleapis.com/auth/firebase","https://www.googleapis.com/auth/cloud-platform"]
[debug] [2018-02-26T14:08:51.991Z] > authorizing via signed-in user
[debug] [2018-02-26T14:08:51.991Z] > refreshing access token with scopes: ["email","https://www.googleapis.com/auth/cloud-platform","https://www.googleapis.com/auth/cloudplatformprojects.readonly","https://www.googleapis.com/auth/firebase","openid"]
[debug] [2018-02-26T14:08:51.991Z] >>> HTTP REQUEST POST https://www.googleapis.com/oauth2/v3/token  
 { refresh_token: '1/PLN0RVbvFUkCODxAJQNxG0jRczGtzpgdPXGUB51N77_nN4Cuas7w8ojfby04_4FM',
  client_id: '563584335869-fgrhgmd47bqnekij5i8b5pr03ho849e6.apps.googleusercontent.com',
  client_secret: 'j9iVZfS8kkCEFUPaAeJV0sAi',
  grant_type: 'refresh_token',
  scope: 'email https://www.googleapis.com/auth/cloud-platform https://www.googleapis.com/auth/cloudplatformprojects.readonly https://www.googleapis.com/auth/firebase openid' } 
 Mon Feb 26 2018 14:08:51 GMT+0000 (GMT Standard Time)
[debug] [2018-02-26T14:08:52.225Z] <<< HTTP RESPONSE 200
[debug] [2018-02-26T14:08:52.240Z] >>> HTTP REQUEST GET https://admin.firebase.com/v1/projects/mytesthbaa  
  
 Mon Feb 26 2018 14:08:52 GMT+0000 (GMT Standard Time)
[info] 
[warn] !  Your CLI authentication needs to be updated to take advantage of new features.
[warn] !  Please run firebase login --reauth
[info] 
[debug] [2018-02-26T14:08:53.293Z] > command requires scopes: ["email","openid","https://www.googleapis.com/auth/cloudplatformprojects.readonly","https://www.googleapis.com/auth/firebase"]
[debug] [2018-02-26T14:08:53.293Z] > authorizing via signed-in user
[debug] [2018-02-26T14:08:53.293Z] > refreshing access token with scopes: ["email","https://www.googleapis.com/auth/cloudplatformprojects.readonly","https://www.googleapis.com/auth/firebase","openid"]
[debug] [2018-02-26T14:08:53.293Z] >>> HTTP REQUEST POST https://www.googleapis.com/oauth2/v3/token  
 { refresh_token: '1/PLN0RVbvFUkCODxAJQNxG0jRczGtzpgdPXGUB51N77_nN4Cuas7w8ojfby04_4FM',
  client_id: '563584335869-fgrhgmd47bqnekij5i8b5pr03ho849e6.apps.googleusercontent.com',
  client_secret: 'j9iVZfS8kkCEFUPaAeJV0sAi',
  grant_type: 'refresh_token',
  scope: 'email https://www.googleapis.com/auth/cloudplatformprojects.readonly https://www.googleapis.com/auth/firebase openid' } 
 Mon Feb 26 2018 14:08:53 GMT+0000 (GMT Standard Time)
[debug] [2018-02-26T14:08:53.364Z] <<< HTTP RESPONSE 200
[debug] [2018-02-26T14:08:53.371Z] >>> HTTP REQUEST GET https://admin.firebase.com/v1/projects/mytesthbaa  
  
 Mon Feb 26 2018 14:08:53 GMT+0000 (GMT Standard Time)
[debug] [2018-02-26T14:08:54.489Z] Error: connect ENOTCONN 104.197.85.31:443
    at Object.exports._errnoException (util.js:1026:11)
    at exports._exceptionWithHostPort (util.js:1049:20)
    at TCPConnectWrap.afterConnect [as oncomplete] (net.js:1085:14)
[error] 
[error] Error: Server Error. connect ENOTCONN 104.197.85.31:443
[debug] [2018-02-26T16:07:44.021Z] ----------------------------------------------------------------------
[debug] [2018-02-26T16:07:44.024Z] Command:       C:\Program Files\nodejs\node.exe C:\Users\tbhattacharya\AppData\Roaming\npm\node_modules\firebase-tools\bin\firebase deploy
[debug] [2018-02-26T16:07:44.025Z] CLI Version:   3.17.4
[debug] [2018-02-26T16:07:44.025Z] Platform:      win32
[debug] [2018-02-26T16:07:44.025Z] Node Version:  v6.9.1
[debug] [2018-02-26T16:07:44.025Z] Time:          Mon Feb 26 2018 16:07:44 GMT+0000 (GMT Standard Time)
[debug] [2018-02-26T16:07:44.025Z] ----------------------------------------------------------------------
[debug] 
[debug] [2018-02-26T16:07:44.044Z] > command requires scopes: ["email","openid","https://www.googleapis.com/auth/cloudplatformprojects.readonly","https://www.googleapis.com/auth/firebase","https://www.googleapis.com/auth/cloud-platform"]
[debug] [2018-02-26T16:07:44.045Z] > authorizing via signed-in user
[debug] [2018-02-26T16:07:44.048Z] > refreshing access token with scopes: ["email","https://www.googleapis.com/auth/cloud-platform","https://www.googleapis.com/auth/cloudplatformprojects.readonly","https://www.googleapis.com/auth/firebase","openid"]
[debug] [2018-02-26T16:07:44.048Z] >>> HTTP REQUEST POST https://www.googleapis.com/oauth2/v3/token  
 { refresh_token: '1/PLN0RVbvFUkCODxAJQNxG0jRczGtzpgdPXGUB51N77_nN4Cuas7w8ojfby04_4FM',
  client_id: '563584335869-fgrhgmd47bqnekij5i8b5pr03ho849e6.apps.googleusercontent.com',
  client_secret: 'j9iVZfS8kkCEFUPaAeJV0sAi',
  grant_type: 'refresh_token',
  scope: 'email https://www.googleapis.com/auth/cloud-platform https://www.googleapis.com/auth/cloudplatformprojects.readonly https://www.googleapis.com/auth/firebase openid' } 
 Mon Feb 26 2018 16:07:44 GMT+0000 (GMT Standard Time)
[debug] [2018-02-26T16:07:44.183Z] <<< HTTP RESPONSE 200
[debug] [2018-02-26T16:07:44.189Z] >>> HTTP REQUEST GET https://admin.firebase.com/v1/projects/mytesthbaa  
  
 Mon Feb 26 2018 16:07:44 GMT+0000 (GMT Standard Time)
[info] 
[warn] !  Your CLI authentication needs to be updated to take advantage of new features.
[warn] !  Please run firebase login --reauth
[info] 
[debug] [2018-02-26T16:07:45.260Z] > command requires scopes: ["email","openid","https://www.googleapis.com/auth/cloudplatformprojects.readonly","https://www.googleapis.com/auth/firebase"]
[debug] [2018-02-26T16:07:45.261Z] > authorizing via signed-in user
[debug] [2018-02-26T16:07:45.262Z] > refreshing access token with scopes: ["email","https://www.googleapis.com/auth/cloudplatformprojects.readonly","https://www.googleapis.com/auth/firebase","openid"]
[debug] [2018-02-26T16:07:45.263Z] >>> HTTP REQUEST POST https://www.googleapis.com/oauth2/v3/token  
 { refresh_token: '1/PLN0RVbvFUkCODxAJQNxG0jRczGtzpgdPXGUB51N77_nN4Cuas7w8ojfby04_4FM',
  client_id: '563584335869-fgrhgmd47bqnekij5i8b5pr03ho849e6.apps.googleusercontent.com',
  client_secret: 'j9iVZfS8kkCEFUPaAeJV0sAi',
  grant_type: 'refresh_token',
  scope: 'email https://www.googleapis.com/auth/cloudplatformprojects.readonly https://www.googleapis.com/auth/firebase openid' } 
 Mon Feb 26 2018 16:07:45 GMT+0000 (GMT Standard Time)
[debug] [2018-02-26T16:07:45.333Z] <<< HTTP RESPONSE 200
[debug] [2018-02-26T16:07:45.343Z] >>> HTTP REQUEST GET https://admin.firebase.com/v1/projects/mytesthbaa  
  
 Mon Feb 26 2018 16:07:45 GMT+0000 (GMT Standard Time)
[debug] [2018-02-26T16:07:46.456Z] Error: connect ENOTCONN 104.197.85.31:443
    at Object.exports._errnoException (util.js:1026:11)
    at exports._exceptionWithHostPort (util.js:1049:20)
    at TCPConnectWrap.afterConnect [as oncomplete] (net.js:1085:14)
[error] 
[error] Error: Server Error. connect ENOTCONN 104.197.85.31:443
